<?xml version="1.0" encoding="UTF-8"?>
<testng-results skipped="0" failed="0" ignored="0" total="1" passed="1">
  <reporter-output>
  </reporter-output>
  <suite name="TestSuite" duration-ms="13320" started-at="2019-06-06T11:02:31Z" finished-at="2019-06-06T11:02:44Z">
    <groups>
    </groups>
    <test name="Application test 1 " duration-ms="13320" started-at="2019-06-06T11:02:31Z" finished-at="2019-06-06T11:02:44Z">
      <class name="com.testYantra.mavenDemo.JKDemoOne">
        <test-method status="PASS" signature="TestOne()[pri:0, instance:com.testYantra.mavenDemo.JKDemoOne@59a6e353]" name="TestOne" duration-ms="13291" started-at="2019-06-06T16:32:31Z" finished-at="2019-06-06T16:32:44Z">
          <reporter-output>
          </reporter-output>
        </test-method> <!-- TestOne -->
      </class> <!-- com.testYantra.mavenDemo.JKDemoOne -->
    </test> <!-- Application test 1  -->
  </suite> <!-- TestSuite -->
</testng-results>
